<?xml version="1.0" encoding="UTF-8"?>
<!-- Generated by org.testng.reporters.JUnitReportReporter -->
<testsuite hostname="DESKTOP-4A7TSR0" failures="0" tests="1" name="mainclass.DarisniLogin" time="6.079" errors="0" timestamp="2020-12-08T12:44:17 IST" skipped="0">
  <testcase classname="mainclass.DarisniLogin" name="loginTest" time="6.079"/>
  <system-out/>
</testsuite> <!-- mainclass.DarisniLogin -->
